<?xml version="1.0" encoding="UTF-8"?>
<!-- Generated by org.testng.reporters.JUnitReportReporter -->
<testsuite hostname="DESKTOP-HPTFRJB" failures="0" tests="3" name="Projectmodules.TestFramwork.FirstClass" time="0.019" errors="0" timestamp="2021-05-14T16:22:03 IST" skipped="0">
  <testcase classname="Projectmodules.TestFramwork.FirstClass" name="firstClassMentodTwo" time="0.007"/>
  <system-out/>
  <testcase classname="Projectmodules.TestFramwork.FirstClass" name="firstClassMentodThree" time="0.011"/>
  <system-out/>
  <testcase classname="Projectmodules.TestFramwork.FirstClass" name="firstclassmentodone" time="0.001"/>
  <system-out/>
</testsuite> <!-- Projectmodules.TestFramwork.FirstClass -->
