<?xml version="1.0" encoding="UTF-8"?>
<!-- Generated by org.testng.reporters.JUnitReportReporter -->
<testsuite hostname="DESKTOP-HPTFRJB" failures="0" tests="3" name="Projectmodules.TestFramwork.ThirdClass" time="0.008" errors="0" timestamp="2021-05-14T16:22:03 IST" skipped="0">
  <testcase classname="Projectmodules.TestFramwork.ThirdClass" name="Thirdclassmentodone" time="0.003"/>
  <system-out/>
  <testcase classname="Projectmodules.TestFramwork.ThirdClass" name="ThirdClassMentodTwo" time="0.003"/>
  <system-out/>
  <testcase classname="Projectmodules.TestFramwork.ThirdClass" name="ThirdClassMentodThree" time="0.002"/>
  <system-out/>
</testsuite> <!-- Projectmodules.TestFramwork.ThirdClass -->
