<?xml version="1.0" encoding="UTF-8"?>
<!-- Generated by org.testng.reporters.JUnitReportReporter -->
<testsuite hostname="DESKTOP-HPTFRJB" failures="0" tests="3" name="Projectmodules.TestFramwork.SecondClass" time="0.009" errors="0" timestamp="2021-05-14T16:22:03 IST" skipped="0">
  <testcase classname="Projectmodules.TestFramwork.SecondClass" name="secondClassMentodThree" time="0.002"/>
  <system-out/>
  <testcase classname="Projectmodules.TestFramwork.SecondClass" name="secondClassMentodTwo" time="0.005"/>
  <system-out/>
  <testcase classname="Projectmodules.TestFramwork.SecondClass" name="secondclassmentodone" time="0.002"/>
  <system-out/>
</testsuite> <!-- Projectmodules.TestFramwork.SecondClass -->
